<?xml version="1.0" encoding="UTF-8"?>
<!-- Generated by org.testng.reporters.JUnitXMLReporter -->
<testsuite hostname="LAPTOP-4TARQOGN" ignored="0" name="Default test" tests="3" failures="0" timestamp="27 ינו 2020 18:49:17 GMT" time="28.824" errors="0">
  <testcase name="t_01changeOrganizationName" time="3.186" classname="involve.me.Tests.OrganizationSettingsTest"/>
  <testcase name="t_02createNewOrganization" time="1.356" classname="involve.me.Tests.OrganizationSettingsTest"/>
  <testcase name="t_03changeOrganization" time="2.183" classname="involve.me.Tests.OrganizationSettingsTest"/>
</testsuite> <!-- Default test -->
