<?xml version="1.0" encoding="UTF-8"?>
<!-- Generated by org.testng.reporters.JUnitXMLReporter -->
<testsuite hostname="LAPTOP-4TARQOGN" ignored="3" name="Default test" tests="1" failures="0" timestamp="24 ינו 2020 10:11:10 GMT" time="32.951" errors="0">
  <testcase name="t_01deleteProject" time="13.372" classname="involve.me.Tests.MainTest"/>
  <testcase name="t_04renameWorkspace" time="0.0" classname="involve.me.Tests.MainTest">
    <ignored/>
  </testcase> <!-- t_04renameWorkspace -->
  <testcase name="t_02addNewWorkspace" time="0.0" classname="involve.me.Tests.MainTest">
    <ignored/>
  </testcase> <!-- t_02addNewWorkspace -->
  <testcase name="t_03deleteWorkspace" time="0.0" classname="involve.me.Tests.MainTest">
    <ignored/>
  </testcase> <!-- t_03deleteWorkspace -->
</testsuite> <!-- Default test -->
