<?xml version="1.0" encoding="UTF-8"?>
<!-- Generated by org.testng.reporters.JUnitXMLReporter -->
<testsuite hostname="LAPTOP-4TARQOGN" ignored="1" name="Test" tests="5" failures="0" timestamp="15 ינו 2020 20:38:29 GMT" time="100.584" errors="0">
  <testcase name="t_01changeProjectSettings" time="16.793" classname="involve.me.Tests.GeneralSettingsTest"/>
  <testcase name="t_01updateInformation" time="6.463" classname="involve.me.Tests.YourAccountTest"/>
  <testcase name="t_01logInFaild" time="4.053" classname="involve.me.Tests.LogInTest"/>
  <testcase name="t_02logInSuccess" time="0.144" classname="involve.me.Tests.LogInTest"/>
  <testcase name="t_01deleteProject" time="9.138" classname="involve.me.Tests.MainTest"/>
  <testcase name="t_01chooseTemplate" time="0.0" classname="involve.me.Tests.NewProjectTest">
    <ignored/>
  </testcase> <!-- t_01chooseTemplate -->
</testsuite> <!-- Test -->
