<?xml version="1.0" encoding="UTF-8"?>
<!-- Generated by org.testng.reporters.JUnitXMLReporter -->
<testsuite hostname="LAPTOP-4TARQOGN" ignored="0" name="Test" tests="14" failures="0" timestamp="26 ינו 2020 21:57:58 GMT" time="202.568" errors="0">
  <testcase name="t_01changeProjectSettings" time="17.551" classname="involve.me.Tests.GeneralSettingsTest"/>
  <testcase name="t_01logInSuccess" time="0.408" classname="involve.me.Tests.LogInTest"/>
  <testcase name="t_02logInFaild" time="5.66" classname="involve.me.Tests.LogInTest"/>
  <testcase name="t_03resetPassFaild" time="2.923" classname="involve.me.Tests.LogInTest"/>
  <testcase name="t_04resetPassFaild" time="2.629" classname="involve.me.Tests.LogInTest"/>
  <testcase name="t_01deleteProject" time="13.289" classname="involve.me.Tests.MainTest"/>
  <testcase name="t_02addNewWorkspace" time="1.446" classname="involve.me.Tests.MainTest"/>
  <testcase name="t_03deleteWorkspace" time="5.098" classname="involve.me.Tests.MainTest"/>
  <testcase name="t_04renameWorkspace" time="4.629" classname="involve.me.Tests.MainTest"/>
  <testcase name="t_01chooseTemplate" time="16.212" classname="involve.me.Tests.NewProjectTest"/>
  <testcase name="t_01changeOrganizationName" time="3.266" classname="involve.me.Tests.OrganizationSettingsTest"/>
  <testcase name="t_02createNewOrganization" time="1.993" classname="involve.me.Tests.OrganizationSettingsTest"/>
  <testcase name="t_03changeOrganization" time="2.432" classname="involve.me.Tests.OrganizationSettingsTest"/>
  <testcase name="t_01updateInformation" time="5.844" classname="involve.me.Tests.YourAccountTest"/>
</testsuite> <!-- Test -->
