<?xml version="1.0" encoding="UTF-8"?>
<!-- Generated by org.testng.reporters.JUnitXMLReporter -->
<testsuite hostname="LAPTOP-4TARQOGN" ignored="0" name="Test" tests="14" failures="0" timestamp="23 ינו 2020 20:33:01 GMT" time="218.695" errors="0">
  <testcase name="t_01changeProjectSettings" time="16.889" classname="involve.me.Tests.GeneralSettingsTest"/>
  <testcase name="t_01logInSuccess" time="0.08" classname="involve.me.Tests.LogInTest"/>
  <testcase name="t_02logInFaild" time="5.822" classname="involve.me.Tests.LogInTest"/>
  <testcase name="t_03resetPassFaild" time="1.559" classname="involve.me.Tests.LogInTest"/>
  <testcase name="t_04resetPassFaild" time="1.691" classname="involve.me.Tests.LogInTest"/>
  <testcase name="t_01deleteProject" time="13.934" classname="involve.me.Tests.MainTest"/>
  <testcase name="t_02addNewWorkspace" time="2.756" classname="involve.me.Tests.MainTest"/>
  <testcase name="t_03deleteWorkspace" time="1.184" classname="involve.me.Tests.MainTest"/>
  <testcase name="t_04renameWorkspace" time="5.547" classname="involve.me.Tests.MainTest"/>
  <testcase name="t_01chooseTemplate" time="23.755" classname="involve.me.Tests.NewProjectTest"/>
  <testcase name="t_01changeOrganizationName" time="5.28" classname="involve.me.Tests.OrganizationSettingsTest"/>
  <testcase name="t_02createNewOrganization" time="0.857" classname="involve.me.Tests.OrganizationSettingsTest"/>
  <testcase name="t_03changeOrganization" time="1.324" classname="involve.me.Tests.OrganizationSettingsTest"/>
  <testcase name="t_01updateInformation" time="7.615" classname="involve.me.Tests.YourAccountTest"/>
</testsuite> <!-- Test -->
