<?xml version="1.0" encoding="UTF-8"?>
<!-- Generated by org.testng.reporters.JUnitXMLReporter -->
<testsuite hostname="LAPTOP-4TARQOGN" ignored="0" name="Test" tests="14" failures="0" timestamp="27 ינו 2020 18:04:46 GMT" time="201.091" errors="0">
  <testcase name="t_01changeProjectSettings" time="21.649" classname="involve.me.Tests.GeneralSettingsTest"/>
  <testcase name="t_01logInSuccess" time="0.264" classname="involve.me.Tests.LogInTest"/>
  <testcase name="t_02logInFaild" time="6.283" classname="involve.me.Tests.LogInTest"/>
  <testcase name="t_03resetPassFaild" time="2.504" classname="involve.me.Tests.LogInTest"/>
  <testcase name="t_04resetPassFaild" time="2.89" classname="involve.me.Tests.LogInTest"/>
  <testcase name="t_01deleteProject" time="14.018" classname="involve.me.Tests.MainTest"/>
  <testcase name="t_02addNewWorkspace" time="1.273" classname="involve.me.Tests.MainTest"/>
  <testcase name="t_03deleteWorkspace" time="4.796" classname="involve.me.Tests.MainTest"/>
  <testcase name="t_04renameWorkspace" time="7.17" classname="involve.me.Tests.MainTest"/>
  <testcase name="t_01chooseTemplate" time="18.176" classname="involve.me.Tests.NewProjectTest"/>
  <testcase name="t_01changeOrganizationName" time="3.453" classname="involve.me.Tests.OrganizationSettingsTest"/>
  <testcase name="t_02createNewOrganization" time="1.81" classname="involve.me.Tests.OrganizationSettingsTest"/>
  <testcase name="t_03changeOrganization" time="2.215" classname="involve.me.Tests.OrganizationSettingsTest"/>
  <testcase name="t_01updateInformation" time="5.736" classname="involve.me.Tests.YourAccountTest"/>
</testsuite> <!-- Test -->
