<?xml version="1.0" encoding="UTF-8"?>
<testsuite xmlns:xsi="http://www.w3.org/2001/XMLSchema-instance" xsi:noNamespaceSchemaLocation="https://maven.apache.org/surefire/maven-surefire-plugin/xsd/surefire-test-report.xsd" name="TestSuite" time="204.988" tests="14" errors="0" skipped="0" failures="0">
  <properties>
[...]
</properties>
  <testcase name="t_01changeProjectSettings" classname="involve.me.Tests.GeneralSettingsTest" time="21.658"/>
  <testcase name="t_01logInSuccess" classname="involve.me.Tests.LogInTest" time="0.264"/>
  <testcase name="t_02logInFaild" classname="involve.me.Tests.LogInTest" time="6.289"/>
  <testcase name="t_03resetPassFaild" classname="involve.me.Tests.LogInTest" time="2.504"/>
  <testcase name="t_04resetPassFaild" classname="involve.me.Tests.LogInTest" time="2.89"/>
  <testcase name="t_01deleteProject" classname="involve.me.Tests.MainTest" time="14.024"/>
  <testcase name="t_02addNewWorkspace" classname="involve.me.Tests.MainTest" time="1.272"/>
  <testcase name="t_03deleteWorkspace" classname="involve.me.Tests.MainTest" time="4.796"/>
  <testcase name="t_04renameWorkspace" classname="involve.me.Tests.MainTest" time="7.169"/>
  <testcase name="t_01chooseTemplate" classname="involve.me.Tests.NewProjectTest" time="18.179"/>
  <testcase name="t_01changeOrganizationName" classname="involve.me.Tests.OrganizationSettingsTest" time="3.455"/>
  <testcase name="t_02createNewOrganization" classname="involve.me.Tests.OrganizationSettingsTest" time="1.811"/>
  <testcase name="t_03changeOrganization" classname="involve.me.Tests.OrganizationSettingsTest" time="2.217"/>
  <testcase name="t_01updateInformation" classname="involve.me.Tests.YourAccountTest" time="5.737"/>
</testsuite>