<?xml version="1.0" encoding="UTF-8"?>
<testng-results skipped="0" failed="0" ignored="0" total="3" passed="3">
  <reporter-output>
  </reporter-output>
  <suite name="Default suite" duration-ms="28824" started-at="2020-01-27T18:48:48Z" finished-at="2020-01-27T18:49:17Z">
    <groups>
    </groups>
    <test name="Default test" duration-ms="28824" started-at="2020-01-27T18:48:48Z" finished-at="2020-01-27T18:49:17Z">
      <class name="involve.me.Tests.OrganizationSettingsTest">
        <test-method status="PASS" signature="setup(org.testng.ITestContext)[pri:0, instance:involve.me.Tests.OrganizationSettingsTest@31e3250d]" name="setup" is-config="true" duration-ms="14740" started-at="2020-01-27T18:48:48Z" finished-at="2020-01-27T18:49:03Z">
          <params>
            <param index="0">
              <value>
                <![CDATA[org.testng.TestRunner@43ab0659]]>
              </value>
            </param>
          </params>
          <reporter-output>
          </reporter-output>
        </test-method> <!-- setup -->
        <test-method status="PASS" signature="setupLogin()[pri:0, instance:involve.me.Tests.OrganizationSettingsTest@31e3250d]" name="setupLogin" is-config="true" duration-ms="6109" started-at="2020-01-27T18:49:03Z" finished-at="2020-01-27T18:49:09Z">
          <reporter-output>
          </reporter-output>
        </test-method> <!-- setupLogin -->
        <test-method status="PASS" signature="t_01changeOrganizationName()[pri:0, instance:involve.me.Tests.OrganizationSettingsTest@31e3250d]" name="t_01changeOrganizationName" duration-ms="3186" started-at="2020-01-27T18:49:09Z" description="change organization name" finished-at="2020-01-27T18:49:12Z">
          <reporter-output>
          </reporter-output>
        </test-method> <!-- t_01changeOrganizationName -->
        <test-method status="PASS" signature="t_02createNewOrganization()[pri:0, instance:involve.me.Tests.OrganizationSettingsTest@31e3250d]" name="t_02createNewOrganization" duration-ms="1356" started-at="2020-01-27T18:49:12Z" description="error message when try create organization" finished-at="2020-01-27T18:49:14Z">
          <reporter-output>
          </reporter-output>
        </test-method> <!-- t_02createNewOrganization -->
        <test-method status="PASS" signature="t_03changeOrganization()[pri:0, instance:involve.me.Tests.OrganizationSettingsTest@31e3250d]" name="t_03changeOrganization" duration-ms="2183" started-at="2020-01-27T18:49:14Z" description="change oragnization" finished-at="2020-01-27T18:49:16Z">
          <reporter-output>
          </reporter-output>
        </test-method> <!-- t_03changeOrganization -->
        <test-method status="PASS" signature="tearDown()[pri:0, instance:involve.me.Tests.OrganizationSettingsTest@31e3250d]" name="tearDown" is-config="true" duration-ms="784" started-at="2020-01-27T18:49:16Z" finished-at="2020-01-27T18:49:17Z">
          <reporter-output>
          </reporter-output>
        </test-method> <!-- tearDown -->
      </class> <!-- involve.me.Tests.OrganizationSettingsTest -->
    </test> <!-- Default test -->
  </suite> <!-- Default suite -->
</testng-results>
